<?xml version="1.0" encoding="UTF-8"?>
<testsuite name="com.maximumofthreevariables.MaximumOfThreeVariablesTest" tests="3" skipped="0" failures="0" errors="0" timestamp="2020-10-29T06:46:46" hostname="SANDEEP" time="0.015">
  <properties/>
  <testcase name="givenThreeIntegers_WhenMaximumFound_ShouldReturnFirstPositionValue" classname="com.maximumofthreevariables.MaximumOfThreeVariablesTest" time="0.013"/>
  <testcase name="givenThreeIntegers_WhenMaximumFound_ShouldReturnThirdPositionValue" classname="com.maximumofthreevariables.MaximumOfThreeVariablesTest" time="0.0"/>
  <testcase name="givenThreeIntegers_WhenMaximumFound_ShouldReturnSecondPositionValue" classname="com.maximumofthreevariables.MaximumOfThreeVariablesTest" time="0.001"/>
  <system-out><![CDATA[15
200
150
]]></system-out>
  <system-err><![CDATA[]]></system-err>
</testsuite>
